build/app/outputs/logs/manifest-merger-debug-report.txt
-- Merging decision tree log ---
manifest
ADDED from src\main\AndroidManifest.xml:1:1-46:12
INJECTED from src\main\AndroidManifest.xml:1:1-46:12
INJECTED from src\main\AndroidManifest.xml:1:1-46:12
INJECTED from src\main\AndroidManifest.xml:1:1-46:12
MERGED from src\main\AndroidManifest.xml:1:1-46:12
MERGED from [:multi_image_picker] AndroidManifest.xml:2:1-7:12
MERGED from [:flutter_image_compress] AndroidManifest.xml:2:1-9:12
MERGED from [:sqflite] AndroidManifest.xml:2:1-7:12
MERGED from [:fake_alipay] AndroidManifest.xml:2:1-7:12
MERGED from [:flutter_inappbrowser] AndroidManifest.xml:2:1-20:12
MERGED from [:fake_wechat] AndroidManifest.xml:2:1-29:12
MERGED from [:webview_flutter] AndroidManifest.xml:2:1-7:12
MERGED from [:xs_progress_hud] AndroidManifest.xml:2:1-7:12
MERGED from [:path_provider] AndroidManifest.xml:2:1-7:12
MERGED from [:permission_handler] AndroidManifest.xml:2:1-7:12
MERGED from [:shared_preferences] AndroidManifest.xml:2:1-7:12
MERGED from [:city_pickers] AndroidManifest.xml:2:1-7:12
MERGED from [:image_picker] AndroidManifest.xml:2:1-22:12
MERGED from [:jpush_flutter] AndroidManifest.xml:2:1-32:12
MERGED from [androidx.exifinterface:exifinterface:1.0.0] AndroidManifest.xml:17:1-22:12
MERGED from [com.sangcomz:FishBun:0.9.1] AndroidManifest.xml:2:1-34:12
MERGED from [com.github.bumptech.glide:glide:4.9.0] AndroidManifest.xml:2:1-12:12
MERGED from [io.github.v7lin:alipay-android:15.5.5] AndroidManifest.xml:2:1-34:12
MERGED from [androidx.webkit:webkit:1.0.0] AndroidManifest.xml:17:1-22:12
MERGED from [androidx.browser:browser:1.0.0] AndroidManifest.xml:17:1-22:12
MERGED from [com.google.android.material:material:1.0.0-rc01] AndroidManifest.xml:17:1-24:12
MERGED from [androidx.appcompat:appcompat:1.0.0] AndroidManifest.xml:17:1-22:12
MERGED from [io.github.v7lin:wechat-android:5.3.1+1] AndroidManifest.xml:2:1-17:12
MERGED from [androidx.legacy:legacy-support-v4:1.0.0] AndroidManifest.xml:17:1-22:12
MERGED from [androidx.recyclerview:recyclerview:1.0.0-rc01] AndroidManifest.xml:17:1-22:12
MERGED from [androidx.fragment:fragment:1.0.0] AndroidManifest.xml:17:1-22:12
MERGED from [androidx.vectordrawable:vectordrawable-animated:1.0.0] AndroidManifest.xml:17:1-22:12
MERGED from [androidx.legacy:legacy-support-core-ui:1.0.0] AndroidManifest.xml:17:1-22:12
MERGED from [androidx.legacy:legacy-support-core-utils:1.0.0] AndroidManifest.xml:17:1-22:12
MERGED from [androidx.vectordrawable:vectordrawable:1.0.0] AndroidManifest.xml:17:1-22:12
MERGED from [androidx.media:media:1.0.0] AndroidManifest.xml:17:1-22:12
MERGED from [androidx.transition:transition:1.0.0-rc01] AndroidManifest.xml:17:1-22:12
MERGED from [androidx.viewpager:viewpager:1.0.0] AndroidManifest.xml:17:1-22:12
MERGED from [androidx.coordinatorlayout:coordinatorlayout:1.0.0] AndroidManifest.xml:17:1-22:12
MERGED from [androidx.drawerlayout:drawerlayout:1.0.0] AndroidManifest.xml:17:1-22:12
MERGED from [androidx.slidingpanelayout:slidingpanelayout:1.0.0] AndroidManifest.xml:17:1-22:12
MERGED from [androidx.customview:customview:1.0.0] AndroidManifest.xml:17:1-22:12
MERGED from [androidx.swiperefreshlayout:swiperefreshlayout:1.0.0] AndroidManifest.xml:17:1-22:12
MERGED from [androidx.asynclayoutinflater:asynclayoutinflater:1.0.0] AndroidManifest.xml:17:1-22:12
MERGED from [androidx.loader:loader:1.0.0] AndroidManifest.xml:17:1-22:12
MERGED from [androidx.core:core:1.0.1] AndroidManifest.xml:17:1-24:12
MERGED from [cn.jiguang.sdk:jpush:3.1.6] AndroidManifest.xml:2:1-134:12
MERGED from [cn.jiguang.sdk:jcore:1.2.5] AndroidManifest.xml:2:1-14:12
MERGED from [androidx.interpolator:interpolator:1.0.0] AndroidManifest.xml:17:1-22:12
MERGED from [androidx.versionedparcelable:versionedparcelable:1.0.0] AndroidManifest.xml:17:1-25:12
MERGED from [androidx.cursoradapter:cursoradapter:1.0.0] AndroidManifest.xml:17:1-22:12
MERGED from [androidx.lifecycle:lifecycle-runtime:2.0.0] AndroidManifest.xml:17:1-22:12
MERGED from [androidx.cardview:cardview:1.0.0-rc01] AndroidManifest.xml:17:1-22:12
MERGED from [androidx.lifecycle:lifecycle-viewmodel:2.0.0] AndroidManifest.xml:17:1-22:12
MERGED from [androidx.documentfile:documentfile:1.0.0] AndroidManifest.xml:17:1-22:12
MERGED from [androidx.localbroadcastmanager:localbroadcastmanager:1.0.0] AndroidManifest.xml:17:1-22:12
MERGED from [androidx.print:print:1.0.0] AndroidManifest.xml:17:1-22:12
MERGED from [androidx.lifecycle:lifecycle-livedata:2.0.0] AndroidManifest.xml:17:1-22:12
MERGED from [androidx.lifecycle:lifecycle-livedata-core:2.0.0] AndroidManifest.xml:17:1-22:12
MERGED from [androidx.arch.core:core-runtime:2.0.0] AndroidManifest.xml:17:1-22:12
MERGED from [com.github.bumptech.glide:gifdecoder:4.9.0] AndroidManifest.xml:2:1-11:12
MERGED from [androidx.constraintlayout:constraintlayout:1.1.2] AndroidManifest.xml:2:1-11:12
INJECTED from src\debug\AndroidManifest.xml:1:1-31:12
INJECTED from src\debug\AndroidManifest.xml:1:1-31:12
INJECTED from src\debug\AndroidManifest.xml:1:1-31:12
	package
		ADDED from src\main\AndroidManifest.xml:1:70-104
		INJECTED from src\main\AndroidManifest.xml
		INJECTED from src\debug\AndroidManifest.xml
	android:versionName
		INJECTED from src\main\AndroidManifest.xml
		ADDED from src\main\AndroidManifest.xml:1:1-46:12
		INJECTED from src\debug\AndroidManifest.xml
	android:versionCode
		INJECTED from src\main\AndroidManifest.xml
		ADDED from src\main\AndroidManifest.xml:1:1-46:12
		INJECTED from src\debug\AndroidManifest.xml
	xmlns:android
		ADDED from src\main\AndroidManifest.xml:1:11-69
uses-permission#android.permission.INTERNET
ADDED from src\main\AndroidManifest.xml:2:5-66
MERGED from src\main\AndroidManifest.xml:2:5-66
MERGED from src\main\AndroidManifest.xml:2:5-66
MERGED from [:flutter_inappbrowser] AndroidManifest.xml:7:5-67
MERGED from [:flutter_inappbrowser] AndroidManifest.xml:7:5-67
MERGED from [:fake_wechat] AndroidManifest.xml:7:5-67
MERGED from [:fake_wechat] AndroidManifest.xml:7:5-67
MERGED from [io.github.v7lin:alipay-android:15.5.5] AndroidManifest.xml:11:5-67
MERGED from [io.github.v7lin:alipay-android:15.5.5] AndroidManifest.xml:11:5-67
MERGED from [io.github.v7lin:wechat-android:5.3.1+1] AndroidManifest.xml:11:5-67
MERGED from [io.github.v7lin:wechat-android:5.3.1+1] AndroidManifest.xml:11:5-67
MERGED from [cn.jiguang.sdk:jpush:3.1.6] AndroidManifest.xml:18:5-67
MERGED from [cn.jiguang.sdk:jpush:3.1.6] AndroidManifest.xml:18:5-67
	android:name
		ADDED from src\main\AndroidManifest.xml:2:22-64
uses-permission#android.permission.READ_CONTACTS
ADDED from src\main\AndroidManifest.xml:3:5-72
MERGED from src\main\AndroidManifest.xml:3:5-72
MERGED from src\main\AndroidManifest.xml:3:5-72
MERGED from src\main\AndroidManifest.xml:6:5-72
MERGED from src\main\AndroidManifest.xml:6:5-72
	android:name
		ADDED from src\main\AndroidManifest.xml:3:22-69
uses-permission#android.permission.WRITE_CALENDAR
ADDED from src\main\AndroidManifest.xml:4:5-73
MERGED from src\main\AndroidManifest.xml:4:5-73
MERGED from src\main\AndroidManifest.xml:4:5-73
MERGED from src\main\AndroidManifest.xml:16:5-73
MERGED from src\main\AndroidManifest.xml:16:5-73
	android:name
		ADDED from src\main\AndroidManifest.xml:4:22-70
uses-permission#android.permission.CAMERA
ADDED from src\main\AndroidManifest.xml:5:5-65
MERGED from src\main\AndroidManifest.xml:5:5-65
MERGED from src\main\AndroidManifest.xml:5:5-65
	android:name
		ADDED from src\main\AndroidManifest.xml:5:22-62
uses-permission#android.permission.WRITE_CONTACTS
ADDED from src\main\AndroidManifest.xml:7:5-73
MERGED from src\main\AndroidManifest.xml:7:5-73
MERGED from src\main\AndroidManifest.xml:7:5-73
	android:name
		ADDED from src\main\AndroidManifest.xml:7:22-70
uses-permission#android.permission.GET_ACCOUNTS
ADDED from src\main\AndroidManifest.xml:8:5-71
MERGED from src\main\AndroidManifest.xml:8:5-71
MERGED from src\main\AndroidManifest.xml:8:5-71
	android:name
		ADDED from src\main\AndroidManifest.xml:8:22-68
uses-permission#android.permission.ACCESS_FINE_LOCATION
ADDED from src\main\AndroidManifest.xml:9:5-79
MERGED from src\main\AndroidManifest.xml:9:5-79
MERGED from src\main\AndroidManifest.xml:9:5-79
MERGED from [cn.jiguang.sdk:jpush:3.1.6] AndroidManifest.xml:33:5-79
MERGED from [cn.jiguang.sdk:jpush:3.1.6] AndroidManifest.xml:33:5-79
	android:name
		ADDED from src\main\AndroidManifest.xml:9:22-76
uses-permission#android.permission.ACCESS_COARSE_LOCATION
ADDED from src\main\AndroidManifest.xml:10:5-81
MERGED from src\main\AndroidManifest.xml:10:5-81
MERGED from src\main\AndroidManifest.xml:10:5-81
MERGED from [cn.jiguang.sdk:jpush:3.1.6] AndroidManifest.xml:31:5-81
MERGED from [cn.jiguang.sdk:jpush:3.1.6] AndroidManifest.xml:31:5-81
	android:name
		ADDED from src\main\AndroidManifest.xml:10:22-78
uses-permission#android.permission.RECORD_AUDIO
ADDED from src\main\AndroidManifest.xml:11:5-71
MERGED from src\main\AndroidManifest.xml:11:5-71
MERGED from src\main\AndroidManifest.xml:11:5-71
	android:name
		ADDED from src\main\AndroidManifest.xml:11:22-68
uses-permission#android.permission.READ_PHONE_STATE
ADDED from src\main\AndroidManifest.xml:12:5-75
MERGED from src\main\AndroidManifest.xml:12:5-75
MERGED from src\main\AndroidManifest.xml:12:5-75
MERGED from [:fake_wechat] AndroidManifest.xml:10:5-75
MERGED from [:fake_wechat] AndroidManifest.xml:10:5-75
MERGED from [io.github.v7lin:alipay-android:15.5.5] AndroidManifest.xml:14:5-75
MERGED from [io.github.v7lin:alipay-android:15.5.5] AndroidManifest.xml:14:5-75
MERGED from [io.github.v7lin:wechat-android:5.3.1+1] AndroidManifest.xml:14:5-75
MERGED from [io.github.v7lin:wechat-android:5.3.1+1] AndroidManifest.xml:14:5-75
MERGED from [cn.jiguang.sdk:jpush:3.1.6] AndroidManifest.xml:20:5-75
MERGED from [cn.jiguang.sdk:jpush:3.1.6] AndroidManifest.xml:20:5-75
	android:name
		ADDED from src\main\AndroidManifest.xml:12:22-72
uses-permission#android.permission.CALL_PHONE
ADDED from src\main\AndroidManifest.xml:13:5-69
MERGED from src\main\AndroidManifest.xml:13:5-69
MERGED from src\main\AndroidManifest.xml:13:5-69
	android:name
		ADDED from src\main\AndroidManifest.xml:13:22-66
uses-permission#android.permission.READ_CALL_LOG
ADDED from src\main\AndroidManifest.xml:14:5-72
MERGED from src\main\AndroidManifest.xml:14:5-72
MERGED from src\main\AndroidManifest.xml:14:5-72
	android:name
		ADDED from src\main\AndroidManifest.xml:14:22-69
uses-permission#android.permission.WRITE_CALL_LOG
ADDED from src\main\AndroidManifest.xml:15:5-73
MERGED from src\main\AndroidManifest.xml:15:5-73
MERGED from src\main\AndroidManifest.xml:15:5-73
	android:name
		ADDED from src\main\AndroidManifest.xml:15:22-70
uses-permission#android.permission.ADD_VOICEMAIL
ADDED from src\main\AndroidManifest.xml:17:5-72
MERGED from src\main\AndroidManifest.xml:17:5-72
MERGED from src\main\AndroidManifest.xml:17:5-72
	android:name
		ADDED from src\main\AndroidManifest.xml:17:22-69
uses-permission#android.permission.USE_SIP
ADDED from src\main\AndroidManifest.xml:18:5-66
MERGED from src\main\AndroidManifest.xml:18:5-66
MERGED from src\main\AndroidManifest.xml:18:5-66
	android:name
		ADDED from src\main\AndroidManifest.xml:18:22-63
uses-permission#android.permission.PROCESS_OUTGOING_CALLS
ADDED from src\main\AndroidManifest.xml:19:5-81
MERGED from src\main\AndroidManifest.xml:19:5-81
MERGED from src\main\AndroidManifest.xml:19:5-81
	android:name
		ADDED from src\main\AndroidManifest.xml:19:22-78
uses-permission#android.permission.BODY_SENSORS
ADDED from src\main\AndroidManifest.xml:20:5-71
MERGED from src\main\AndroidManifest.xml:20:5-71
MERGED from src\main\AndroidManifest.xml:20:5-71
	android:name
		ADDED from src\main\AndroidManifest.xml:20:22-68
uses-permission#android.permission.SEND_SMS
ADDED from src\main\AndroidManifest.xml:21:5-67
MERGED from src\main\AndroidManifest.xml:21:5-67
MERGED from src\main\AndroidManifest.xml:21:5-67
	android:name
		ADDED from src\main\AndroidManifest.xml:21:22-64
uses-permission#android.permission.RECEIVE_SMS
ADDED from src\main\AndroidManifest.xml:22:5-70
MERGED from src\main\AndroidManifest.xml:22:5-70
MERGED from src\main\AndroidManifest.xml:22:5-70
	android:name
		ADDED from src\main\AndroidManifest.xml:22:22-67
uses-permission#android.permission.READ_SMS
ADDED from src\main\AndroidManifest.xml:23:5-67
MERGED from src\main\AndroidManifest.xml:23:5-67
MERGED from src\main\AndroidManifest.xml:23:5-67
	android:name
		ADDED from src\main\AndroidManifest.xml:23:22-64
uses-permission#android.permission.RECEIVE_WAP_PUSH
ADDED from src\main\AndroidManifest.xml:24:5-75
MERGED from src\main\AndroidManifest.xml:24:5-75
MERGED from src\main\AndroidManifest.xml:24:5-75
	android:name
		ADDED from src\main\AndroidManifest.xml:24:22-72
uses-permission#android.permission.RECEIVE_MMS
ADDED from src\main\AndroidManifest.xml:25:5-70
MERGED from src\main\AndroidManifest.xml:25:5-70
MERGED from src\main\AndroidManifest.xml:25:5-70
	android:name
		ADDED from src\main\AndroidManifest.xml:25:22-67
uses-permission#android.permission.READ_EXTERNAL_STORAGE
ADDED from src\main\AndroidManifest.xml:26:5-80
MERGED from src\main\AndroidManifest.xml:26:5-80
MERGED from src\main\AndroidManifest.xml:26:5-80
MERGED from [:image_picker] AndroidManifest.xml:7:5-80
MERGED from [:image_picker] AndroidManifest.xml:7:5-80
MERGED from [cn.jiguang.sdk:jpush:3.1.6] AndroidManifest.xml:22:5-80
MERGED from [cn.jiguang.sdk:jpush:3.1.6] AndroidManifest.xml:22:5-80
	android:name
		ADDED from src\main\AndroidManifest.xml:26:22-77
uses-permission#android.permission.WRITE_EXTERNAL_STORAGE
ADDED from src\main\AndroidManifest.xml:27:5-81
MERGED from src\main\AndroidManifest.xml:27:5-81
MERGED from src\main\AndroidManifest.xml:27:5-81
MERGED from [:fake_wechat] AndroidManifest.xml:11:5-81
MERGED from [:fake_wechat] AndroidManifest.xml:11:5-81
MERGED from [:image_picker] AndroidManifest.xml:8:5-81
MERGED from [:image_picker] AndroidManifest.xml:8:5-81
MERGED from [io.github.v7lin:alipay-android:15.5.5] AndroidManifest.xml:15:5-81
MERGED from [io.github.v7lin:alipay-android:15.5.5] AndroidManifest.xml:15:5-81
MERGED from [io.github.v7lin:wechat-android:5.3.1+1] AndroidManifest.xml:15:5-81
MERGED from [io.github.v7lin:wechat-android:5.3.1+1] AndroidManifest.xml:15:5-81
MERGED from [cn.jiguang.sdk:jpush:3.1.6] AndroidManifest.xml:21:5-81
MERGED from [cn.jiguang.sdk:jpush:3.1.6] AndroidManifest.xml:21:5-81
	android:name
		ADDED from src\main\AndroidManifest.xml:27:22-78
application
ADDED from src\main\AndroidManifest.xml:33:5-45:19
MERGED from [:flutter_inappbrowser] AndroidManifest.xml:9:5-18:19
MERGED from [:flutter_inappbrowser] AndroidManifest.xml:9:5-18:19
MERGED from [:fake_wechat] AndroidManifest.xml:13:5-27:19
MERGED from [:fake_wechat] AndroidManifest.xml:13:5-27:19
MERGED from [:image_picker] AndroidManifest.xml:10:5-20:19
MERGED from [:image_picker] AndroidManifest.xml:10:5-20:19
MERGED from [:jpush_flutter] AndroidManifest.xml:7:5-30:19
MERGED from [:jpush_flutter] AndroidManifest.xml:7:5-30:19
MERGED from [com.sangcomz:FishBun:0.9.1] AndroidManifest.xml:11:5-32:19
MERGED from [com.sangcomz:FishBun:0.9.1] AndroidManifest.xml:11:5-32:19
MERGED from [com.github.bumptech.glide:glide:4.9.0] AndroidManifest.xml:10:5-20
MERGED from [com.github.bumptech.glide:glide:4.9.0] AndroidManifest.xml:10:5-20
MERGED from [io.github.v7lin:alipay-android:15.5.5] AndroidManifest.xml:17:5-32:19
MERGED from [io.github.v7lin:alipay-android:15.5.5] AndroidManifest.xml:17:5-32:19
MERGED from [com.google.android.material:material:1.0.0-rc01] AndroidManifest.xml:22:5-20
MERGED from [com.google.android.material:material:1.0.0-rc01] AndroidManifest.xml:22:5-20
MERGED from [androidx.core:core:1.0.1] AndroidManifest.xml:22:5-89
MERGED from [androidx.core:core:1.0.1] AndroidManifest.xml:22:5-89
MERGED from [cn.jiguang.sdk:jpush:3.1.6] AndroidManifest.xml:37:5-132:19
MERGED from [cn.jiguang.sdk:jpush:3.1.6] AndroidManifest.xml:37:5-132:19
MERGED from [cn.jiguang.sdk:jcore:1.2.5] AndroidManifest.xml:11:5-12:19
MERGED from [cn.jiguang.sdk:jcore:1.2.5] AndroidManifest.xml:11:5-12:19
MERGED from [androidx.versionedparcelable:versionedparcelable:1.0.0] AndroidManifest.xml:22:5-23:19
MERGED from [androidx.versionedparcelable:versionedparcelable:1.0.0] AndroidManifest.xml:22:5-23:19
MERGED from [com.github.bumptech.glide:gifdecoder:4.9.0] AndroidManifest.xml:9:5-20
MERGED from [com.github.bumptech.glide:gifdecoder:4.9.0] AndroidManifest.xml:9:5-20
MERGED from [androidx.constraintlayout:constraintlayout:1.1.2] AndroidManifest.xml:9:5-20
MERGED from [androidx.constraintlayout:constraintlayout:1.1.2] AndroidManifest.xml:9:5-20
	android:appComponentFactory
		ADDED from [androidx.core:core:1.0.1] AndroidManifest.xml:22:18-86
	android:label
		ADDED from src\main\AndroidManifest.xml:33:67-86
	android:icon
		ADDED from src\main\AndroidManifest.xml:33:87-121
	android:usesCleartextTraffic
		ADDED from src\main\AndroidManifest.xml:33:122-157
	android:name
		ADDED from src\main\AndroidManifest.xml:33:18-66
activity#com.example.frontflutter.MainActivity
ADDED from src\main\AndroidManifest.xml:34:9-44:20
	android:launchMode
		ADDED from src\main\AndroidManifest.xml:34:48-78
	android:hardwareAccelerated
		ADDED from src\main\AndroidManifest.xml:34:246-280
	android:windowSoftInputMode
		ADDED from src\main\AndroidManifest.xml:34:281-323
	android:configChanges
		ADDED from src\main\AndroidManifest.xml:34:114-245
	android:theme
		ADDED from src\main\AndroidManifest.xml:34:79-113
	android:name
		ADDED from src\main\AndroidManifest.xml:34:19-47
meta-data#io.flutter.app.android.SplashScreenUntilFirstFrame
ADDED from src\main\AndroidManifest.xml:39:13-113
	android:value
		ADDED from src\main\AndroidManifest.xml:39:90-110
	android:name
		ADDED from src\main\AndroidManifest.xml:39:24-89
intent-filter#action:name:android.intent.action.MAIN+category:name:android.intent.category.LAUNCHER
ADDED from src\main\AndroidManifest.xml:40:13-43:29
action#android.intent.action.MAIN
ADDED from src\main\AndroidManifest.xml:41:17-68
	android:name
		ADDED from src\main\AndroidManifest.xml:41:25-66
category#android.intent.category.LAUNCHER
ADDED from src\main\AndroidManifest.xml:42:17-76
	android:name
		ADDED from src\main\AndroidManifest.xml:42:27-74
uses-sdk
INJECTED from src\main\AndroidManifest.xml reason: use-sdk injection requested
INJECTED from src\main\AndroidManifest.xml
INJECTED from src\main\AndroidManifest.xml
MERGED from [:multi_image_picker] AndroidManifest.xml:5:5-44
MERGED from [:multi_image_picker] AndroidManifest.xml:5:5-44
MERGED from [:flutter_image_compress] AndroidManifest.xml:5:5-7:41
MERGED from [:flutter_image_compress] AndroidManifest.xml:5:5-7:41
MERGED from [:sqflite] AndroidManifest.xml:5:5-44
MERGED from [:sqflite] AndroidManifest.xml:5:5-44
MERGED from [:fake_alipay] AndroidManifest.xml:5:5-44
MERGED from [:fake_alipay] AndroidManifest.xml:5:5-44
MERGED from [:flutter_inappbrowser] AndroidManifest.xml:5:5-44
MERGED from [:flutter_inappbrowser] AndroidManifest.xml:5:5-44
MERGED from [:fake_wechat] AndroidManifest.xml:5:5-44
MERGED from [:fake_wechat] AndroidManifest.xml:5:5-44
MERGED from [:webview_flutter] AndroidManifest.xml:5:5-44
MERGED from [:webview_flutter] AndroidManifest.xml:5:5-44
MERGED from [:xs_progress_hud] AndroidManifest.xml:5:5-44
MERGED from [:xs_progress_hud] AndroidManifest.xml:5:5-44
MERGED from [:path_provider] AndroidManifest.xml:5:5-44
MERGED from [:path_provider] AndroidManifest.xml:5:5-44
MERGED from [:permission_handler] AndroidManifest.xml:5:5-44
MERGED from [:permission_handler] AndroidManifest.xml:5:5-44
MERGED from [:shared_preferences] AndroidManifest.xml:5:5-44
MERGED from [:shared_preferences] AndroidManifest.xml:5:5-44
MERGED from [:city_pickers] AndroidManifest.xml:5:5-44
MERGED from [:city_pickers] AndroidManifest.xml:5:5-44
MERGED from [:image_picker] AndroidManifest.xml:5:5-44
MERGED from [:image_picker] AndroidManifest.xml:5:5-44
MERGED from [:jpush_flutter] AndroidManifest.xml:5:5-44
MERGED from [:jpush_flutter] AndroidManifest.xml:5:5-44
MERGED from [androidx.exifinterface:exifinterface:1.0.0] AndroidManifest.xml:20:5-44
MERGED from [androidx.exifinterface:exifinterface:1.0.0] AndroidManifest.xml:20:5-44
MERGED from [com.sangcomz:FishBun:0.9.1] AndroidManifest.xml:7:5-9:41
MERGED from [com.sangcomz:FishBun:0.9.1] AndroidManifest.xml:7:5-9:41
MERGED from [com.github.bumptech.glide:glide:4.9.0] AndroidManifest.xml:6:5-8:41
MERGED from [com.github.bumptech.glide:glide:4.9.0] AndroidManifest.xml:6:5-8:41
MERGED from [io.github.v7lin:alipay-android:15.5.5] AndroidManifest.xml:7:5-9:41
MERGED from [io.github.v7lin:alipay-android:15.5.5] AndroidManifest.xml:7:5-9:41
MERGED from [androidx.webkit:webkit:1.0.0] AndroidManifest.xml:20:5-44
MERGED from [androidx.webkit:webkit:1.0.0] AndroidManifest.xml:20:5-44
MERGED from [androidx.browser:browser:1.0.0] AndroidManifest.xml:20:5-44
MERGED from [androidx.browser:browser:1.0.0] AndroidManifest.xml:20:5-44
MERGED from [com.google.android.material:material:1.0.0-rc01] AndroidManifest.xml:20:5-44
MERGED from [com.google.android.material:material:1.0.0-rc01] AndroidManifest.xml:20:5-44
MERGED from [androidx.appcompat:appcompat:1.0.0] AndroidManifest.xml:20:5-44
MERGED from [androidx.appcompat:appcompat:1.0.0] AndroidManifest.xml:20:5-44
MERGED from [io.github.v7lin:wechat-android:5.3.1+1] AndroidManifest.xml:7:5-9:41
MERGED from [io.github.v7lin:wechat-android:5.3.1+1] AndroidManifest.xml:7:5-9:41
MERGED from [androidx.legacy:legacy-support-v4:1.0.0] AndroidManifest.xml:20:5-44
MERGED from [androidx.legacy:legacy-support-v4:1.0.0] AndroidManifest.xml:20:5-44
MERGED from [androidx.recyclerview:recyclerview:1.0.0-rc01] AndroidManifest.xml:20:5-44
MERGED from [androidx.recyclerview:recyclerview:1.0.0-rc01] AndroidManifest.xml:20:5-44
MERGED from [androidx.fragment:fragment:1.0.0] AndroidManifest.xml:20:5-44
MERGED from [androidx.fragment:fragment:1.0.0] AndroidManifest.xml:20:5-44
MERGED from [androidx.vectordrawable:vectordrawable-animated:1.0.0] AndroidManifest.xml:20:5-44
MERGED from [androidx.vectordrawable:vectordrawable-animated:1.0.0] AndroidManifest.xml:20:5-44
MERGED from [androidx.legacy:legacy-support-core-ui:1.0.0] AndroidManifest.xml:20:5-44
MERGED from [androidx.legacy:legacy-support-core-ui:1.0.0] AndroidManifest.xml:20:5-44
MERGED from [androidx.legacy:legacy-support-core-utils:1.0.0] AndroidManifest.xml:20:5-44
MERGED from [androidx.legacy:legacy-support-core-utils:1.0.0] AndroidManifest.xml:20:5-44
MERGED from [androidx.vectordrawable:vectordrawable:1.0.0] AndroidManifest.xml:20:5-44
MERGED from [androidx.vectordrawable:vectordrawable:1.0.0] AndroidManifest.xml:20:5-44
MERGED from [androidx.media:media:1.0.0] AndroidManifest.xml:20:5-44
MERGED from [androidx.media:media:1.0.0] AndroidManifest.xml:20:5-44
MERGED from [androidx.transition:transition:1.0.0-rc01] AndroidManifest.xml:20:5-44
MERGED from [androidx.transition:transition:1.0.0-rc01] AndroidManifest.xml:20:5-44
MERGED from [androidx.viewpager:viewpager:1.0.0] AndroidManifest.xml:20:5-44
MERGED from [androidx.viewpager:viewpager:1.0.0] AndroidManifest.xml:20:5-44
MERGED from [androidx.coordinatorlayout:coordinatorlayout:1.0.0] AndroidManifest.xml:20:5-44
MERGED from [androidx.coordinatorlayout:coordinatorlayout:1.0.0] AndroidManifest.xml:20:5-44
MERGED from [androidx.drawerlayout:drawerlayout:1.0.0] AndroidManifest.xml:20:5-44
MERGED from [androidx.drawerlayout:drawerlayout:1.0.0] AndroidManifest.xml:20:5-44
MERGED from [androidx.slidingpanelayout:slidingpanelayout:1.0.0] AndroidManifest.xml:20:5-44
MERGED from [androidx.slidingpanelayout:slidingpanelayout:1.0.0] AndroidManifest.xml:20:5-44
MERGED from [androidx.customview:customview:1.0.0] AndroidManifest.xml:20:5-44
MERGED from [androidx.customview:customview:1.0.0] AndroidManifest.xml:20:5-44
MERGED from [androidx.swiperefreshlayout:swiperefreshlayout:1.0.0] AndroidManifest.xml:20:5-44
MERGED from [androidx.swiperefreshlayout:swiperefreshlayout:1.0.0] AndroidManifest.xml:20:5-44
MERGED from [androidx.asynclayoutinflater:asynclayoutinflater:1.0.0] AndroidManifest.xml:20:5-44
MERGED from [androidx.asynclayoutinflater:asynclayoutinflater:1.0.0] AndroidManifest.xml:20:5-44
MERGED from [androidx.loader:loader:1.0.0] AndroidManifest.xml:20:5-44
MERGED from [androidx.loader:loader:1.0.0] AndroidManifest.xml:20:5-44
MERGED from [androidx.core:core:1.0.1] AndroidManifest.xml:20:5-44
MERGED from [androidx.core:core:1.0.1] AndroidManifest.xml:20:5-44
MERGED from [cn.jiguang.sdk:jpush:3.1.6] AndroidManifest.xml:7:5-9:41
MERGED from [cn.jiguang.sdk:jpush:3.1.6] AndroidManifest.xml:7:5-9:41
MERGED from [cn.jiguang.sdk:jcore:1.2.5] AndroidManifest.xml:7:5-9:41
MERGED from [cn.jiguang.sdk:jcore:1.2.5] AndroidManifest.xml:7:5-9:41
MERGED from [androidx.interpolator:interpolator:1.0.0] AndroidManifest.xml:20:5-44
MERGED from [androidx.interpolator:interpolator:1.0.0] AndroidManifest.xml:20:5-44
MERGED from [androidx.versionedparcelable:versionedparcelable:1.0.0] AndroidManifest.xml:20:5-44
MERGED from [androidx.versionedparcelable:versionedparcelable:1.0.0] AndroidManifest.xml:20:5-44
MERGED from [androidx.cursoradapter:cursoradapter:1.0.0] AndroidManifest.xml:20:5-44
MERGED from [androidx.cursoradapter:cursoradapter:1.0.0] AndroidManifest.xml:20:5-44
MERGED from [androidx.lifecycle:lifecycle-runtime:2.0.0] AndroidManifest.xml:20:5-44
MERGED from [androidx.lifecycle:lifecycle-runtime:2.0.0] AndroidManifest.xml:20:5-44
MERGED from [androidx.cardview:cardview:1.0.0-rc01] AndroidManifest.xml:20:5-44
MERGED from [androidx.cardview:cardview:1.0.0-rc01] AndroidManifest.xml:20:5-44
MERGED from [androidx.lifecycle:lifecycle-viewmodel:2.0.0] AndroidManifest.xml:20:5-44
MERGED from [androidx.lifecycle:lifecycle-viewmodel:2.0.0] AndroidManifest.xml:20:5-44
MERGED from [androidx.documentfile:documentfile:1.0.0] AndroidManifest.xml:20:5-44
MERGED from [androidx.documentfile:documentfile:1.0.0] AndroidManifest.xml:20:5-44
MERGED from [androidx.localbroadcastmanager:localbroadcastmanager:1.0.0] AndroidManifest.xml:20:5-44
MERGED from [androidx.localbroadcastmanager:localbroadcastmanager:1.0.0] AndroidManifest.xml:20:5-44
MERGED from [androidx.print:print:1.0.0] AndroidManifest.xml:20:5-44
MERGED from [androidx.print:print:1.0.0] AndroidManifest.xml:20:5-44
MERGED from [androidx.lifecycle:lifecycle-livedata:2.0.0] AndroidManifest.xml:20:5-44
MERGED from [androidx.lifecycle:lifecycle-livedata:2.0.0] AndroidManifest.xml:20:5-44
MERGED from [androidx.lifecycle:lifecycle-livedata-core:2.0.0] AndroidManifest.xml:20:5-44
MERGED from [androidx.lifecycle:lifecycle-livedata-core:2.0.0] AndroidManifest.xml:20:5-44
MERGED from [androidx.arch.core:core-runtime:2.0.0] AndroidManifest.xml:20:5-44
MERGED from [androidx.arch.core:core-runtime:2.0.0] AndroidManifest.xml:20:5-44
MERGED from [com.github.bumptech.glide:gifdecoder:4.9.0] AndroidManifest.xml:5:5-7:41
MERGED from [com.github.bumptech.glide:gifdecoder:4.9.0] AndroidManifest.xml:5:5-7:41
MERGED from [androidx.constraintlayout:constraintlayout:1.1.2] AndroidManifest.xml:5:5-7:41
MERGED from [androidx.constraintlayout:constraintlayout:1.1.2] AndroidManifest.xml:5:5-7:41
INJECTED from src\debug\AndroidManifest.xml
INJECTED from src\debug\AndroidManifest.xml
	android:targetSdkVersion
		INJECTED from src\main\AndroidManifest.xml
		INJECTED from src\debug\AndroidManifest.xml
	android:minSdkVersion
		INJECTED from src\main\AndroidManifest.xml
		INJECTED from src\debug\AndroidManifest.xml
activity#com.pichillilorenzo.flutter_inappbrowser.InAppBrowserActivity
ADDED from [:flutter_inappbrowser] AndroidManifest.xml:10:9-13:47
	android:configChanges
		ADDED from [:flutter_inappbrowser] AndroidManifest.xml:12:13-59
	android:theme
		ADDED from [:flutter_inappbrowser] AndroidManifest.xml:13:13-44
	android:name
		ADDED from [:flutter_inappbrowser] AndroidManifest.xml:11:13-89
activity#com.pichillilorenzo.flutter_inappbrowser.ChromeCustomTabs.ChromeCustomTabsActivity
ADDED from [:flutter_inappbrowser] AndroidManifest.xml:14:9-17:55
	android:configChanges
		ADDED from [:flutter_inappbrowser] AndroidManifest.xml:16:13-59
	android:theme
		ADDED from [:flutter_inappbrowser] AndroidManifest.xml:17:13-52
	android:name
		ADDED from [:flutter_inappbrowser] AndroidManifest.xml:15:13-110
uses-permission#android.permission.ACCESS_NETWORK_STATE
ADDED from [:fake_wechat] AndroidManifest.xml:8:5-79
MERGED from [io.github.v7lin:alipay-android:15.5.5] AndroidManifest.xml:12:5-79
MERGED from [io.github.v7lin:alipay-android:15.5.5] AndroidManifest.xml:12:5-79
MERGED from [io.github.v7lin:wechat-android:5.3.1+1] AndroidManifest.xml:12:5-79
MERGED from [io.github.v7lin:wechat-android:5.3.1+1] AndroidManifest.xml:12:5-79
MERGED from [cn.jiguang.sdk:jpush:3.1.6] AndroidManifest.xml:26:5-79
MERGED from [cn.jiguang.sdk:jpush:3.1.6] AndroidManifest.xml:26:5-79
	android:name
		ADDED from [:fake_wechat] AndroidManifest.xml:8:22-76
uses-permission#android.permission.ACCESS_WIFI_STATE
ADDED from [:fake_wechat] AndroidManifest.xml:9:5-76
MERGED from [io.github.v7lin:alipay-android:15.5.5] AndroidManifest.xml:13:5-76
MERGED from [io.github.v7lin:alipay-android:15.5.5] AndroidManifest.xml:13:5-76
MERGED from [io.github.v7lin:wechat-android:5.3.1+1] AndroidManifest.xml:13:5-76
MERGED from [io.github.v7lin:wechat-android:5.3.1+1] AndroidManifest.xml:13:5-76
MERGED from [cn.jiguang.sdk:jpush:3.1.6] AndroidManifest.xml:27:5-76
MERGED from [cn.jiguang.sdk:jpush:3.1.6] AndroidManifest.xml:27:5-76
	android:name
		ADDED from [:fake_wechat] AndroidManifest.xml:9:22-73
activity#io.github.v7lin.fakewechat.WechatCallbackActivity
ADDED from [:fake_wechat] AndroidManifest.xml:14:9-17:67
	android:launchMode
		ADDED from [:fake_wechat] AndroidManifest.xml:16:13-43
	android:theme
		ADDED from [:fake_wechat] AndroidManifest.xml:17:13-64
	android:name
		ADDED from [:fake_wechat] AndroidManifest.xml:15:13-77
activity-alias#${applicationId}.wxapi.WXPayEntryActivity
ADDED from [:fake_wechat] AndroidManifest.xml:19:9-22:90
	android:exported